
Molecule was read successfully!
RDKit interpreted the overall charge as: 0
Number of rotatable bonds in the molecule: 7
SA_score: 7.883027456248525
Generating isomers...
Generated 1 stereoisomers.
Generating conformers for all isomers...
Isomer (SMILES: [H]OC(=O)c1sc(-c2c([H])c([H])c(C([H])([H])C([H])([H])C([H])([H])C([H])([H])C([H])([H])C([H])([H])[H])n2[H])c([H])c1[H]) generated, looking at conformers ...
Isomer SA_score: 7.883027456248525
Generated a total of 81 conformers across all isomers.
Optimizing conformers with MMFF94...
Optimization complete.

Conformers Sorted by Energy (Lowest to Highest):
--------------------------------------------------
Rank       Conformer ID    Energy (kcal/mol)        
--------------------------------------------------
0          48              -11.9260                 
1          6               -11.1484                 
2          77              -10.9990                 
3          63              -10.8502                 
4          23              -10.6165                 
5          75              -10.5629                 
6          47              -10.5629                 
7          36              -10.3705                 
8          60              -10.3453                 
9          24              -10.0839                 
10         26              -10.0246                 
11         33              -9.7680                  
12         55              -9.7152                  
13         19              -9.5571                  
14         14              -9.4790                  
15         18              -9.2233                  
16         34              -9.1233                  
17         65              -9.0827                  
18         40              -9.0403                  
19         35              -9.0402                  
20         17              -9.0142                  
21         21              -9.0127                  
22         9               -8.9797                  
23         43              -8.9572                  
24         4               -8.9571                  
25         32              -8.8938                  
26         7               -8.8550                  
27         20              -8.7975                  
28         5               -8.7923                  
29         46              -8.7497                  
30         15              -8.7497                  
31         79              -8.6370                  
32         13              -8.6172                  
33         12              -8.6172                  
34         28              -8.5900                  
35         78              -8.5304                  
36         61              -8.5039                  
37         11              -8.3531                  
38         53              -8.3531                  
39         44              -8.3258                  
40         31              -8.3235                  
41         59              -8.3053                  
42         54              -8.1576                  
43         68              -8.1321                  
44         3               -8.0117                  
45         30              -7.9132                  
46         27              -7.9015                  
47         64              -7.9015                  
48         69              -7.8712                  
49         70              -7.8148                  
50         51              -7.7856                  
51         0               -7.6715                  
52         1               -7.6356                  
53         80              -7.5509                  
54         37              -7.5458                  
55         74              -7.5369                  
56         66              -7.5201                  
57         38              -7.5121                  
58         16              -7.4939                  
59         56              -7.4570                  
60         76              -7.4535                  
61         57              -7.3982                  
62         41              -7.2140                  
63         25              -7.1605                  
64         45              -7.0102                  
65         42              -6.8500                  
66         39              -6.8147                  
67         62              -6.7740                  
68         58              -6.7278                  
69         8               -6.6687                  
70         71              -6.5751                  
71         72              -6.5682                  
72         73              -6.5407                  
73         29              -6.5400                  
74         50              -6.5184                  
75         67              -5.9961                  
76         22              -5.5250                  
77         10              -5.3280                  
78         52              -4.9806                  
79         49              -4.0617                  
80         2               -3.8410                  

 1 kcal/mol (= .043 eV) represents a 16% to 84% ocupancy difference at 300 K
 1 kcal/mol -> [1/99  @ 100K]    [16/84 @ 300K]     [22/78 @ 400K]
 2 kcal/mol -> [0/100 @ 100K]    [3/97  @ 300K]     [7/93  @ 400K]
 3 kcal/mol -> [0/100 @ 100K]    [1/99  @ 300K]     [2/98  @ 400K]

Saving conformers to AllGeneratedConformers.sdf
Saving conformers to individual .xyz files in 'GeneratedConformers_xyz/'

Starting to prune the optimized conformers...
Starting with 81 optimized conformers.
Conformer 47 is similar to conformer 75 (RMSD: 0.0000)
Conformer 35 is similar to conformer 40 (RMSD: 0.0046)
Conformer 4 is similar to conformer 43 (RMSD: 0.0050)
Conformer 5 is similar to conformer 32 (RMSD: 0.2258)
Conformer 15 is similar to conformer 46 (RMSD: 0.0037)
Conformer 64 is similar to conformer 27 (RMSD: 0.0000)
Conformer 56 is similar to conformer 16 (RMSD: 0.0672)
Conformer 76 is similar to conformer 80 (RMSD: 0.2223)
Conformer 72 is similar to conformer 71 (RMSD: 0.0745)
Pruned down to 72 unique conformers.
Saving unique conformers to 'unique_conformers_xyz/'

Boltzmann Probabilities at 298.15 K:
--------------------------------------------------------------------------------
                                 |T = 100 K            |T = 300 K           
Conformer ID  Energy (kcal/mol)  |Prob. (%)  Accu. (%) |Prob. (%)  Accu. (%)
--------------------------------------------------------------------------------
0             -11.9260            96.41      96.41      43.15      43.15    
1             -11.1484            1.93       98.34      11.71      54.86    
2             -10.9990            0.91       99.24      9.11       63.97    
3             -10.8502            0.43       99.67      7.10       71.07    
4             -10.6165            0.13       99.81      4.80       75.87    
5             -10.5629            0.10       99.91      4.38       80.25    
6             -10.3705            0.04       99.95      3.18       83.43    
7             -10.3453            0.03       99.98      3.04       86.47    
8             -10.0839            0.01       99.99      1.96       88.44    
9             -10.0246            0.01       100.00     1.78       90.22    
10            -9.7680             0.00       100.00     1.16       91.37    
11            -9.7152             0.00       100.00     1.06       92.43    
12            -9.5571             0.00       100.00     0.81       93.24    
13            -9.4790             0.00       100.00     0.71       93.95    
14            -9.2233             0.00       100.00     0.46       94.42    
15            -9.1233             0.00       100.00     0.39       94.81    
16            -9.0827             0.00       100.00     0.37       95.17    
17            -9.0403             0.00       100.00     0.34       95.52    
18            -9.0142             0.00       100.00     0.33       95.84    
19            -9.0127             0.00       100.00     0.33       96.17    
20            -8.9797             0.00       100.00     0.31       96.48    
21            -8.9572             0.00       100.00     0.30       96.77    
22            -8.8938             0.00       100.00     0.27       97.04    
23            -8.8550             0.00       100.00     0.25       97.29    
24            -8.7975             0.00       100.00     0.23       97.52    
25            -8.7497             0.00       100.00     0.21       97.72    
26            -8.6370             0.00       100.00     0.17       97.90    
27            -8.6172             0.00       100.00     0.17       98.07    
28            -8.6172             0.00       100.00     0.17       98.23    
29            -8.5900             0.00       100.00     0.16       98.39    
30            -8.5304             0.00       100.00     0.14       98.54    
31            -8.5039             0.00       100.00     0.14       98.68    
32            -8.3531             0.00       100.00     0.11       98.79    
33            -8.3531             0.00       100.00     0.11       98.89    
34            -8.3258             0.00       100.00     0.10       99.00    
35            -8.3235             0.00       100.00     0.10       99.10    
36            -8.3053             0.00       100.00     0.10       99.20    
37            -8.1576             0.00       100.00     0.08       99.28    
38            -8.1321             0.00       100.00     0.07       99.35    
39            -8.0117             0.00       100.00     0.06       99.41    
40            -7.9132             0.00       100.00     0.05       99.46    
41            -7.9015             0.00       100.00     0.05       99.51    
42            -7.8712             0.00       100.00     0.05       99.56    
43            -7.8148             0.00       100.00     0.04       99.60    
44            -7.7856             0.00       100.00     0.04       99.65    
45            -7.6715             0.00       100.00     0.03       99.68    
46            -7.6356             0.00       100.00     0.03       99.71    
47            -7.5509             0.00       100.00     0.03       99.74    
48            -7.5458             0.00       100.00     0.03       99.77    
49            -7.5369             0.00       100.00     0.03       99.80    
50            -7.5201             0.00       100.00     0.03       99.82    
51            -7.5121             0.00       100.00     0.03       99.85    
52            -7.4939             0.00       100.00     0.03       99.87    
53            -7.3982             0.00       100.00     0.02       99.90    
54            -7.2140             0.00       100.00     0.02       99.91    
55            -7.1605             0.00       100.00     0.01       99.93    
56            -7.0102             0.00       100.00     0.01       99.94    
57            -6.8500             0.00       100.00     0.01       99.95    
58            -6.8147             0.00       100.00     0.01       99.95    
59            -6.7740             0.00       100.00     0.01       99.96    
60            -6.7278             0.00       100.00     0.01       99.97    
61            -6.6687             0.00       100.00     0.01       99.98    
62            -6.5751             0.00       100.00     0.01       99.98    
63            -6.5407             0.00       100.00     0.01       99.99    
64            -6.5400             0.00       100.00     0.01       99.99    
65            -6.5184             0.00       100.00     0.00       100.00   
66            -5.9961             0.00       100.00     0.00       100.00   
67            -5.5250             0.00       100.00     0.00       100.00   
68            -5.3280             0.00       100.00     0.00       100.00   
69            -4.9806             0.00       100.00     0.00       100.00   
70            -4.0617             0.00       100.00     0.00       100.00   
71            -3.8410             0.00       100.00     0.00       100.00   

Done.


