
Molecule was read successfully!
RDKit interpreted the overall charge as: 0
Number of rotatable bonds in the molecule: 6
SA_score: 7.926088828985729
Generating isomers...
Generated 1 stereoisomers.
Generating conformers for all isomers...
Isomer (SMILES: [H]c1c(-c2sc(C([H])([H])C([H])([H])C([H])([H])C([H])([H])C([H])([H])C([H])([H])[H])c([H])c2[H])sc(C([H])([H])[H])c1[H]) generated, looking at conformers ...
Isomer SA_score: 7.926088828985729
Generated a total of 10 conformers across all isomers.
Optimizing conformers with MMFF94...
Optimization complete.

Conformers Sorted by Energy (Lowest to Highest):
--------------------------------------------------
Rank       Conformer ID    Energy (kcal/mol)        
--------------------------------------------------
0          7               16.3112                  
1          8               16.4414                  
2          9               16.5229                  
3          6               16.5311                  
4          4               17.5058                  
5          0               17.5461                  
6          3               17.5790                  
7          5               17.5928                  
8          1               17.8301                  
9          2               18.3314                  

 1 kcal/mol (= .043 eV) represents a 16% to 84% ocupancy difference at 300 K
 1 kcal/mol -> [1/99  @ 100K]    [16/84 @ 300K]     [22/78 @ 400K]
 2 kcal/mol -> [0/100 @ 100K]    [3/97  @ 300K]     [7/93  @ 400K]
 3 kcal/mol -> [0/100 @ 100K]    [1/99  @ 300K]     [2/98  @ 400K]

Saving conformers to AllGeneratedConformers.sdf
Saving conformers to individual .xyz files in 'GeneratedConformers_xyz/'

Starting to prune the optimized conformers...
Starting with 10 optimized conformers.
Conformer 0 is similar to conformer 4 (RMSD: 0.1933)
Pruned down to 9 unique conformers.
Saving unique conformers to 'unique_conformers_xyz/'

Boltzmann Probabilities at 298.15 K:
--------------------------------------------------------------------------------
                                 |T = 100 K            |T = 300 K           
Conformer ID  Energy (kcal/mol)  |Prob. (%)  Accu. (%) |Prob. (%)  Accu. (%)
--------------------------------------------------------------------------------
0             16.3112             45.43      45.43      27.18      27.18    
1             16.4414             23.60      69.03      21.85      49.03    
2             16.5229             15.66      84.69      19.06      68.09    
3             16.5311             15.03      99.72      18.80      86.88    
4             17.5058             0.11       99.83      3.66       90.55    
5             17.5790             0.08       99.90      3.24       93.79    
6             17.5928             0.07       99.98      3.17       96.96    
7             17.8301             0.02       100.00     2.13       99.08    
8             18.3314             0.00       100.00     0.92       100.00   

Done.


