
Molecule was read successfully!
RDKit interpreted the overall charge as: 0
Number of rotatable bonds in the molecule: 0
SA_score: 6.7953553963260624
Generating isomers...
Generated 2 stereoisomers.
Generating conformers for all isomers...
Isomer (SMILES: [H]c1c([H])c([H])c2c(c1[H])/C(=C1\C(=O)C([H])([H])c3c([H])c([H])c([H])c([H])c31)C(=O)C2([H])[H]) generated, looking at conformers ...
Isomer SA_score: 6.7953553963260624
Isomer (SMILES: [H]c1c([H])c([H])c2c(c1[H])/C(=C1/C(=O)C([H])([H])c3c([H])c([H])c([H])c([H])c31)C(=O)C2([H])[H]) generated, looking at conformers ...
Isomer SA_score: 6.7953553963260624
Generated a total of 20 conformers across all isomers.
Optimizing conformers with MMFF94...
Optimization complete.

Conformers Sorted by Energy (Lowest to Highest):
--------------------------------------------------
Rank       Conformer ID    Energy (kcal/mol)        
--------------------------------------------------
0          4               92.6881                  
1          3               92.6881                  
2          5               92.6881                  
3          9               92.6881                  
4          6               92.6881                  
5          0               92.6881                  
6          2               92.6881                  
7          7               92.6881                  
8          8               92.6881                  
9          1               92.6881                  
10         10              97.7445                  
11         18              97.7445                  
12         12              97.7445                  
13         17              97.7445                  
14         14              97.7445                  
15         11              97.7445                  
16         13              97.7445                  
17         16              97.7445                  
18         15              97.7445                  
19         19              97.7445                  

 1 kcal/mol (= .043 eV) represents a 16% to 84% ocupancy difference at 300 K
 1 kcal/mol -> [1/99  @ 100K]    [16/84 @ 300K]     [22/78 @ 400K]
 2 kcal/mol -> [0/100 @ 100K]    [3/97  @ 300K]     [7/93  @ 400K]
 3 kcal/mol -> [0/100 @ 100K]    [1/99  @ 300K]     [2/98  @ 400K]

Saving conformers to AllGeneratedConformers.sdf
Saving conformers to individual .xyz files in 'GeneratedConformers_xyz/'

Starting to prune the optimized conformers...
Starting with 20 optimized conformers.
Conformer 5 is similar to conformer 3 (RMSD: 0.0000)
Conformer 9 is similar to conformer 4 (RMSD: 0.0000)
Conformer 6 is similar to conformer 3 (RMSD: 0.0000)
Conformer 0 is similar to conformer 3 (RMSD: 0.0000)
Conformer 2 is similar to conformer 4 (RMSD: 0.0000)
Conformer 7 is similar to conformer 4 (RMSD: 0.0001)
Conformer 8 is similar to conformer 4 (RMSD: 0.0001)
Conformer 1 is similar to conformer 4 (RMSD: 0.0001)
Conformer 12 is similar to conformer 10 (RMSD: 0.0000)
Conformer 17 is similar to conformer 10 (RMSD: 0.0000)
Conformer 14 is similar to conformer 18 (RMSD: 0.0000)
Conformer 11 is similar to conformer 18 (RMSD: 0.0001)
Conformer 13 is similar to conformer 18 (RMSD: 0.0001)
Conformer 16 is similar to conformer 10 (RMSD: 0.0001)
Conformer 15 is similar to conformer 18 (RMSD: 0.0001)
Conformer 19 is similar to conformer 18 (RMSD: 0.0001)
Pruned down to 4 unique conformers.
Saving unique conformers to 'unique_conformers_xyz/'

Boltzmann Probabilities at 298.15 K:
--------------------------------------------------------------------------------
                                 |T = 100 K            |T = 300 K           
Conformer ID  Energy (kcal/mol)  |Prob. (%)  Accu. (%) |Prob. (%)  Accu. (%)
--------------------------------------------------------------------------------
0             92.6881             50.00      50.00      49.99      49.99    
1             92.6881             50.00      100.00     49.99      99.98    
2             97.7445             0.00       100.00     0.01       99.99    
3             97.7445             0.00       100.00     0.01       100.00   

Done.


