
Molecule was read successfully!
RDKit interpreted the overall charge as: 0
Number of rotatable bonds in the molecule: 6
SA_score: 7.926088828985729
Generating isomers...
Generated 1 stereoisomers.
Generating conformers for all isomers...
Isomer (SMILES: [H]c1c(-c2sc(C([H])([H])C([H])([H])C([H])([H])C([H])([H])C([H])([H])C([H])([H])[H])c([H])c2[H])sc(C([H])([H])[H])c1[H]) generated, looking at conformers ...
Isomer SA_score: 7.926088828985729
Generated a total of 81 conformers across all isomers.
Optimizing conformers with MMFF94...
Optimization complete.

Conformers Sorted by Energy (Lowest to Highest):
--------------------------------------------------
Rank       Conformer ID    Energy (kcal/mol)        
--------------------------------------------------
0          18              16.2870                  
1          34              16.3112                  
2          7               16.3112                  
3          8               16.4414                  
4          54              16.4426                  
5          76              16.4426                  
6          38              16.4547                  
7          71              16.4547                  
8          61              16.4699                  
9          48              16.5145                  
10         36              16.5184                  
11         9               16.5229                  
12         6               16.5311                  
13         67              16.5954                  
14         64              16.7041                  
15         11              16.7247                  
16         37              16.7247                  
17         15              16.7345                  
18         29              16.9000                  
19         25              16.9685                  
20         77              16.9695                  
21         47              17.0267                  
22         63              17.2015                  
23         41              17.2046                  
24         42              17.2168                  
25         59              17.2676                  
26         66              17.2775                  
27         51              17.2775                  
28         40              17.3536                  
29         53              17.4176                  
30         56              17.4343                  
31         14              17.4547                  
32         50              17.5058                  
33         4               17.5058                  
34         35              17.5452                  
35         0               17.5461                  
36         65              17.5480                  
37         72              17.5480                  
38         45              17.5480                  
39         27              17.5481                  
40         68              17.5512                  
41         52              17.5696                  
42         22              17.5761                  
43         3               17.5790                  
44         39              17.5790                  
45         13              17.5870                  
46         5               17.5928                  
47         70              17.6143                  
48         28              17.6152                  
49         44              17.6587                  
50         17              17.8286                  
51         1               17.8301                  
52         23              18.0729                  
53         16              18.0729                  
54         32              18.1530                  
55         33              18.2320                  
56         2               18.3314                  
57         43              18.3375                  
58         49              18.3644                  
59         75              18.3735                  
60         55              18.3825                  
61         19              18.5207                  
62         31              18.5320                  
63         24              18.5413                  
64         46              18.6099                  
65         30              18.6231                  
66         80              18.6621                  
67         69              18.8006                  
68         74              19.2818                  
69         10              19.4706                  
70         21              19.4786                  
71         73              19.7895                  
72         20              19.9779                  
73         26              20.3518                  
74         58              20.3861                  
75         60              20.4119                  
76         79              20.4154                  
77         78              20.4490                  
78         57              20.5747                  
79         62              20.9131                  
80         12              21.2259                  

 1 kcal/mol (= .043 eV) represents a 16% to 84% ocupancy difference at 300 K
 1 kcal/mol -> [1/99  @ 100K]    [16/84 @ 300K]     [22/78 @ 400K]
 2 kcal/mol -> [0/100 @ 100K]    [3/97  @ 300K]     [7/93  @ 400K]
 3 kcal/mol -> [0/100 @ 100K]    [1/99  @ 300K]     [2/98  @ 400K]

Saving conformers to AllGeneratedConformers.sdf
Saving conformers to individual .xyz files in 'GeneratedConformers_xyz/'

Starting to prune the optimized conformers...
Starting with 81 optimized conformers.
Conformer 7 is similar to conformer 34 (RMSD: 0.0000)
Conformer 71 is similar to conformer 38 (RMSD: 0.0000)
Conformer 9 is similar to conformer 48 (RMSD: 0.1284)
Conformer 67 is similar to conformer 36 (RMSD: 0.1591)
Conformer 15 is similar to conformer 11 (RMSD: 0.0797)
Conformer 40 is similar to conformer 42 (RMSD: 0.2646)
Conformer 4 is similar to conformer 50 (RMSD: 0.0000)
Conformer 0 is similar to conformer 50 (RMSD: 0.1932)
Conformer 45 is similar to conformer 72 (RMSD: 0.0000)
Conformer 27 is similar to conformer 65 (RMSD: 0.0018)
Conformer 68 is similar to conformer 35 (RMSD: 0.0430)
Conformer 75 is similar to conformer 49 (RMSD: 0.4841)
Conformer 30 is similar to conformer 46 (RMSD: 0.0886)
Pruned down to 68 unique conformers.
Saving unique conformers to 'unique_conformers_xyz/'

Boltzmann Probabilities at 298.15 K:
--------------------------------------------------------------------------------
                                 |T = 100 K            |T = 300 K           
Conformer ID  Energy (kcal/mol)  |Prob. (%)  Accu. (%) |Prob. (%)  Accu. (%)
--------------------------------------------------------------------------------
0             16.2870             17.96      17.96      7.00       7.00     
1             16.3112             15.89      33.85      6.72       13.73    
2             16.4414             8.26       42.11      5.41       19.13    
3             16.4426             8.21       50.31      5.39       24.53    
4             16.4426             8.21       58.52      5.39       29.92    
5             16.4547             7.72       66.24      5.29       35.21    
6             16.4699             7.15       73.39      5.15       40.36    
7             16.5145             5.72       79.10      4.78       45.14    
8             16.5184             5.60       84.71      4.75       49.89    
9             16.5311             5.26       89.96      4.65       54.54    
10            16.7041             2.20       92.17      3.48       58.02    
11            16.7247             1.98       94.15      3.36       61.38    
12            16.7247             1.98       96.14      3.36       64.74    
13            16.9000             0.82       96.96      2.50       67.25    
14            16.9685             0.58       97.54      2.23       69.48    
15            16.9695             0.58       98.12      2.23       71.71    
16            17.0267             0.43       98.55      2.03       73.73    
17            17.2015             0.18       98.73      1.51       75.24    
18            17.2046             0.18       98.91      1.50       76.74    
19            17.2168             0.17       99.08      1.47       78.22    
20            17.2676             0.13       99.20      1.35       79.57    
21            17.2775             0.12       99.33      1.33       80.90    
22            17.2775             0.12       99.45      1.33       82.23    
23            17.4176             0.06       99.51      1.05       83.28    
24            17.4343             0.06       99.57      1.02       84.30    
25            17.4547             0.05       99.62      0.99       85.29    
26            17.5058             0.04       99.66      0.91       86.19    
27            17.5452             0.03       99.69      0.85       87.04    
28            17.5480             0.03       99.72      0.84       87.89    
29            17.5480             0.03       99.75      0.84       88.73    
30            17.5696             0.03       99.78      0.81       89.55    
31            17.5761             0.03       99.81      0.81       90.35    
32            17.5790             0.03       99.83      0.80       91.15    
33            17.5790             0.03       99.86      0.80       91.96    
34            17.5870             0.03       99.89      0.79       92.75    
35            17.5928             0.03       99.91      0.78       93.53    
36            17.6143             0.02       99.93      0.76       94.29    
37            17.6152             0.02       99.96      0.75       95.04    
38            17.6587             0.02       99.97      0.70       95.74    
39            17.8286             0.01       99.98      0.53       96.27    
40            17.8301             0.01       99.99      0.53       96.80    
41            18.0729             0.00       99.99      0.35       97.15    
42            18.0729             0.00       99.99      0.35       97.50    
43            18.1530             0.00       100.00     0.31       97.80    
44            18.2320             0.00       100.00     0.27       98.07    
45            18.3314             0.00       100.00     0.23       98.30    
46            18.3375             0.00       100.00     0.22       98.52    
47            18.3644             0.00       100.00     0.21       98.74    
48            18.3825             0.00       100.00     0.21       98.95    
49            18.5207             0.00       100.00     0.17       99.11    
50            18.5320             0.00       100.00     0.16       99.27    
51            18.5413             0.00       100.00     0.16       99.43    
52            18.6099             0.00       100.00     0.14       99.57    
53            18.6621             0.00       100.00     0.13       99.70    
54            18.8006             0.00       100.00     0.10       99.81    
55            19.2818             0.00       100.00     0.05       99.85    
56            19.4706             0.00       100.00     0.03       99.89    
57            19.4786             0.00       100.00     0.03       99.92    
58            19.7895             0.00       100.00     0.02       99.94    
59            19.9779             0.00       100.00     0.01       99.95    
60            20.3518             0.00       100.00     0.01       99.96    
61            20.3861             0.00       100.00     0.01       99.97    
62            20.4119             0.00       100.00     0.01       99.98    
63            20.4154             0.00       100.00     0.01       99.98    
64            20.4490             0.00       100.00     0.01       99.99    
65            20.5747             0.00       100.00     0.01       100.00   
66            20.9131             0.00       100.00     0.00       100.00   
67            21.2259             0.00       100.00     0.00       100.00   

Done.


