
Molecule was read successfully!
RDKit interpreted the overall charge as: 0
Number of rotatable bonds in the molecule: 7
SA_score: 7.654270690439095
Generating isomers...
Generated 1 stereoisomers.
Generating conformers for all isomers...
Isomer (SMILES: [H]OC(=O)c1sc(-c2sc(C([H])([H])C([H])([H])C([H])([H])C([H])([H])C([H])([H])C([H])([H])[H])c([H])c2[H])c([H])c1[H]) generated, looking at conformers ...
Isomer SA_score: 7.654270690439095
Generated a total of 81 conformers across all isomers.
Optimizing conformers with MMFF94...
Optimization complete.

Conformers Sorted by Energy (Lowest to Highest):
--------------------------------------------------
Rank       Conformer ID    Energy (kcal/mol)        
--------------------------------------------------
0          56              -3.3524                  
1          53              -3.3524                  
2          64              -2.5187                  
3          45              -2.5157                  
4          75              -2.5011                  
5          17              -2.4607                  
6          58              -2.0040                  
7          59              -1.9837                  
8          67              -1.9156                  
9          14              -1.8301                  
10         40              -1.7720                  
11         66              -1.7523                  
12         15              -1.7447                  
13         12              -1.5551                  
14         54              -1.5188                  
15         25              -1.4670                  
16         19              -1.4644                  
17         47              -1.3064                  
18         68              -1.2800                  
19         78              -1.2763                  
20         3               -1.2730                  
21         26              -1.2717                  
22         80              -1.2531                  
23         8               -1.0953                  
24         51              -1.0837                  
25         35              -1.0644                  
26         61              -1.0563                  
27         46              -1.0347                  
28         34              -0.8923                  
29         6               -0.8923                  
30         24              -0.7596                  
31         39              -0.5991                  
32         7               -0.5684                  
33         41              -0.5318                  
34         76              -0.4758                  
35         65              -0.3341                  
36         62              -0.3109                  
37         36              -0.3102                  
38         13              -0.1191                  
39         57              -0.1165                  
40         18              -0.1024                  
41         48              -0.1024                  
42         74              -0.0820                  
43         71              -0.0820                  
44         4               -0.0310                  
45         29              0.0331                   
46         0               0.0366                   
47         9               0.0606                   
48         42              0.0645                   
49         69              0.0678                   
50         1               0.0731                   
51         33              0.3305                   
52         49              0.5106                   
53         10              0.5594                   
54         20              0.5620                   
55         72              0.5620                   
56         52              0.5620                   
57         44              0.5813                   
58         23              0.6008                   
59         5               0.6775                   
60         21              0.7926                   
61         55              0.8091                   
62         32              0.8124                   
63         63              0.8635                   
64         79              1.0087                   
65         38              1.1439                   
66         27              1.1661                   
67         43              1.1661                   
68         37              1.5832                   
69         31              1.7191                   
70         30              1.9054                   
71         77              1.9385                   
72         73              2.1142                   
73         11              2.2242                   
74         22              2.3627                   
75         70              2.3898                   
76         16              2.9403                   
77         60              3.3821                   
78         2               3.9599                   
79         50              4.1743                   
80         28              4.9159                   

 1 kcal/mol (= .043 eV) represents a 16% to 84% ocupancy difference at 300 K
 1 kcal/mol -> [1/99  @ 100K]    [16/84 @ 300K]     [22/78 @ 400K]
 2 kcal/mol -> [0/100 @ 100K]    [3/97  @ 300K]     [7/93  @ 400K]
 3 kcal/mol -> [0/100 @ 100K]    [1/99  @ 300K]     [2/98  @ 400K]

Saving conformers to AllGeneratedConformers.sdf
Saving conformers to individual .xyz files in 'GeneratedConformers_xyz/'

Starting to prune the optimized conformers...
Starting with 81 optimized conformers.
Conformer 53 is similar to conformer 56 (RMSD: 0.0000)
Conformer 15 is similar to conformer 66 (RMSD: 0.0453)
Conformer 80 is similar to conformer 47 (RMSD: 0.2088)
Conformer 6 is similar to conformer 34 (RMSD: 0.0000)
Conformer 48 is similar to conformer 18 (RMSD: 0.0000)
Conformer 72 is similar to conformer 20 (RMSD: 0.0000)
Conformer 43 is similar to conformer 27 (RMSD: 0.0000)
Pruned down to 74 unique conformers.
Saving unique conformers to 'unique_conformers_xyz/'

Boltzmann Probabilities at 298.15 K:
--------------------------------------------------------------------------------
                                 |T = 100 K            |T = 300 K           
Conformer ID  Energy (kcal/mol)  |Prob. (%)  Accu. (%) |Prob. (%)  Accu. (%)
--------------------------------------------------------------------------------
0             -3.3524             94.38      94.38      32.70      32.70    
1             -2.5187             1.42       95.80      8.08       40.78    
2             -2.5157             1.40       97.20      8.04       48.82    
3             -2.5011             1.30       98.50      7.84       56.66    
4             -2.4607             1.06       99.57      7.33       63.99    
5             -2.0040             0.11       99.67      3.41       67.40    
6             -1.9837             0.10       99.77      3.29       70.69    
7             -1.9156             0.07       99.84      2.94       73.63    
8             -1.8301             0.04       99.88      2.54       76.17    
9             -1.7720             0.03       99.92      2.31       78.48    
10            -1.7523             0.03       99.95      2.23       80.72    
11            -1.5551             0.01       99.96      1.60       82.32    
12            -1.5188             0.01       99.97      1.51       83.83    
13            -1.4670             0.01       99.97      1.38       85.21    
14            -1.4644             0.01       99.98      1.38       86.59    
15            -1.3064             0.00       99.98      1.06       87.65    
16            -1.2800             0.00       99.99      1.01       88.66    
17            -1.2763             0.00       99.99      1.01       89.67    
18            -1.2730             0.00       99.99      1.00       90.66    
19            -1.2717             0.00       99.99      1.00       91.66    
20            -1.0953             0.00       100.00     0.74       92.40    
21            -1.0837             0.00       100.00     0.73       93.13    
22            -1.0644             0.00       100.00     0.70       93.84    
23            -1.0563             0.00       100.00     0.69       94.53    
24            -1.0347             0.00       100.00     0.67       95.20    
25            -0.8923             0.00       100.00     0.53       95.73    
26            -0.7596             0.00       100.00     0.42       96.15    
27            -0.5991             0.00       100.00     0.32       96.47    
28            -0.5684             0.00       100.00     0.31       96.78    
29            -0.5318             0.00       100.00     0.29       97.07    
30            -0.4758             0.00       100.00     0.26       97.33    
31            -0.3341             0.00       100.00     0.21       97.54    
32            -0.3109             0.00       100.00     0.20       97.74    
33            -0.3102             0.00       100.00     0.20       97.94    
34            -0.1191             0.00       100.00     0.14       98.08    
35            -0.1165             0.00       100.00     0.14       98.22    
36            -0.1024             0.00       100.00     0.14       98.36    
37            -0.0820             0.00       100.00     0.14       98.50    
38            -0.0820             0.00       100.00     0.14       98.64    
39            -0.0310             0.00       100.00     0.12       98.76    
40            0.0331              0.00       100.00     0.11       98.87    
41            0.0366              0.00       100.00     0.11       98.98    
42            0.0606              0.00       100.00     0.11       99.09    
43            0.0645              0.00       100.00     0.11       99.20    
44            0.0678              0.00       100.00     0.11       99.30    
45            0.0731              0.00       100.00     0.10       99.41    
46            0.3305              0.00       100.00     0.07       99.47    
47            0.5106              0.00       100.00     0.05       99.52    
48            0.5594              0.00       100.00     0.05       99.57    
49            0.5620              0.00       100.00     0.05       99.62    
50            0.5620              0.00       100.00     0.05       99.66    
51            0.5813              0.00       100.00     0.04       99.71    
52            0.6008              0.00       100.00     0.04       99.75    
53            0.6775              0.00       100.00     0.04       99.79    
54            0.7926              0.00       100.00     0.03       99.82    
55            0.8091              0.00       100.00     0.03       99.85    
56            0.8124              0.00       100.00     0.03       99.88    
57            0.8635              0.00       100.00     0.03       99.91    
58            1.0087              0.00       100.00     0.02       99.93    
59            1.1439              0.00       100.00     0.02       99.95    
60            1.1661              0.00       100.00     0.02       99.96    
61            1.5832              0.00       100.00     0.01       99.97    
62            1.7191              0.00       100.00     0.01       99.98    
63            1.9054              0.00       100.00     0.00       99.98    
64            1.9385              0.00       100.00     0.00       99.99    
65            2.1142              0.00       100.00     0.00       99.99    
66            2.2242              0.00       100.00     0.00       99.99    
67            2.3627              0.00       100.00     0.00       100.00   
68            2.3898              0.00       100.00     0.00       100.00   
69            2.9403              0.00       100.00     0.00       100.00   
70            3.3821              0.00       100.00     0.00       100.00   
71            3.9599              0.00       100.00     0.00       100.00   
72            4.1743              0.00       100.00     0.00       100.00   
73            4.9159              0.00       100.00     0.00       100.00   

Done.


